Arguments: 
  C:\Program Files\nodejs\node.exe C:\Users\Eric\AppData\Roaming\npm\node_modules\yarn\bin\yarn.js init

PATH: 
  C:\Program Files (x86)\Common Files\Oracle\Java\javapath;C:\WINDOWS\system32;C:\WINDOWS;C:\WINDOWS\System32\Wbem;C:\WINDOWS\System32\WindowsPowerShell\v1.0\;C:\WINDOWS\System32\OpenSSH\;C:\Program Files\Kotlin\kotlinc\bin;C:\Program Files\Java\jre1.8.0_271\bin;C:\Program Files\MinGW\bin;C:\ProgramData\chocolatey\bin;C:\Program Files\MongoDB\Server\4.4\bin;C:\Program Files\MongoDB\Tools\100\bin;C:\Program Files\Java\jdk1.8.0_211\bin;C:\Android\android-sdk\emulator;C:\Android\android-sdk\tools;C:\Android\android-sdk\emulator\bin;C:\Android\android-sdk\platform-tools;C:\Android\android-sdk\tools;C:\Android\android-sdk\platform-tools;C:\Android\android-sdk\tools\bin;C:\Program Files\PostgreSQL\13\bin;C:\Program Files\Git\cmd;C:\Program Files\nodejs\;C:\Program Files\MySQL\MySQL Shell 8.0\bin\;C:\Users\Eric\AppData\Local\Microsoft\WindowsApps;C:\Users\Eric\AppData\Local\Programs\Microsoft VS Code\bin;C:\Users\Eric\AppData\Roaming\Composer\vendor\bin;C:\MinGW\bin;C:\Program Files (x86)\SSH Communications Security\SSH Secure Shell;C:\Program Files (x86)\Php;C:\Users\Eric\AppData\Local\.meteor;C:\Program Files\heroku\bin;C:\Users\Eric\AppData\Roaming\npm

Yarn version: 
  1.22.10

Node version: 
  16.13.1

Platform: 
  win32 x64

Trace: 
  Error: canceled
      at Interface.<anonymous> (C:\Users\Eric\AppData\Roaming\npm\node_modules\yarn\lib\cli.js:136216:13)
      at Interface.emit (node:events:390:28)
      at Interface._ttyWrite (node:readline:1081:16)
      at ReadStream.onkeypress (node:readline:288:10)
      at ReadStream.emit (node:events:390:28)
      at emitKeys (node:internal/readline/utils:358:14)
      at emitKeys.next (<anonymous>)
      at ReadStream.onData (node:internal/readline/emitKeypressEvents:61:36)
      at ReadStream.emit (node:events:390:28)
      at addChunk (node:internal/streams/readable:315:12)

npm manifest: 
  No manifest

yarn manifest: 
  No manifest

Lockfile: 
  No lockfile
